<?xml version="1.0" encoding="UTF-8"?>
<testsuite xmlns:xsi="http://www.w3.org/2001/XMLSchema-instance" xsi:noNamespaceSchemaLocation="https://maven.apache.org/surefire/maven-surefire-plugin/xsd/surefire-test-report-3.0.xsd" version="3.0" name="sample.GameTest" time="0.003" tests="1" errors="0" skipped="0" failures="0">
  <properties>
    <property name="sun.desktop" value="gnome"/>
    <property name="awt.toolkit" value="sun.awt.X11.XToolkit"/>
    <property name="jdk.extensions.version" value="13.0.2.0"/>
    <property name="file.encoding.pkg" value="sun.io"/>
    <property name="java.specification.version" value="13"/>
    <property name="sun.jnu.encoding" value="UTF-8"/>
    <property name="java.class.path" value="/home/haidar/Desktop/Github projects/TDT4100---practices/Practice4/TicTacToeFinal/target/test-classes:/home/haidar/Desktop/Github projects/TDT4100---practices/Practice4/TicTacToeFinal/target/classes:/home/haidar/.m2/repository/org/openjfx/javafx-controls/13/javafx-controls-13.jar:/home/haidar/.m2/repository/org/openjfx/javafx-controls/13/javafx-controls-13-linux.jar:/home/haidar/.m2/repository/org/openjfx/javafx-graphics/13/javafx-graphics-13.jar:/home/haidar/.m2/repository/org/openjfx/javafx-graphics/13/javafx-graphics-13-linux.jar:/home/haidar/.m2/repository/org/openjfx/javafx-base/13/javafx-base-13.jar:/home/haidar/.m2/repository/org/openjfx/javafx-base/13/javafx-base-13-linux.jar:/home/haidar/.m2/repository/org/openjfx/javafx-fxml/14-ea+8/javafx-fxml-14-ea+8.jar:/home/haidar/.m2/repository/org/openjfx/javafx-fxml/14-ea+8/javafx-fxml-14-ea+8-linux.jar:/home/haidar/.m2/repository/com/google/code/gson/gson/2.8.6/gson-2.8.6.jar:/home/haidar/.m2/repository/org/junit/jupiter/junit-jupiter/5.4.1/junit-jupiter-5.4.1.jar:/home/haidar/.m2/repository/org/junit/jupiter/junit-jupiter-api/5.4.1/junit-jupiter-api-5.4.1.jar:/home/haidar/.m2/repository/org/apiguardian/apiguardian-api/1.0.0/apiguardian-api-1.0.0.jar:/home/haidar/.m2/repository/org/opentest4j/opentest4j/1.1.1/opentest4j-1.1.1.jar:/home/haidar/.m2/repository/org/junit/platform/junit-platform-commons/1.4.1/junit-platform-commons-1.4.1.jar:/home/haidar/.m2/repository/org/junit/jupiter/junit-jupiter-params/5.4.1/junit-jupiter-params-5.4.1.jar:/home/haidar/.m2/repository/org/junit/jupiter/junit-jupiter-engine/5.4.1/junit-jupiter-engine-5.4.1.jar:/home/haidar/.m2/repository/org/junit/platform/junit-platform-engine/1.4.1/junit-platform-engine-1.4.1.jar:/home/haidar/.m2/repository/com/squareup/okhttp3/okhttp/4.2.2/okhttp-4.2.2.jar:/home/haidar/.m2/repository/com/squareup/okio/okio/2.2.2/okio-2.2.2.jar:/home/haidar/.m2/repository/org/jetbrains/kotlin/kotlin-stdlib/1.3.50/kotlin-stdlib-1.3.50.jar:/home/haidar/.m2/repository/org/jetbrains/kotlin/kotlin-stdlib-common/1.3.50/kotlin-stdlib-common-1.3.50.jar:/home/haidar/.m2/repository/org/jetbrains/annotations/13.0/annotations-13.0.jar:"/>
    <property name="java.vm.vendor" value="Eclipse OpenJ9"/>
    <property name="sun.arch.data.model" value="64"/>
    <property name="com.ibm.vm.bitmode" value="64"/>
    <property name="user.variant" value=""/>
    <property name="com.ibm.oti.vm.library.version" value="29"/>
    <property name="java.vendor.url" value="https://adoptopenjdk.net/"/>
    <property name="user.timezone" value=""/>
    <property name="os.name" value="Linux"/>
    <property name="java.vm.specification.version" value="13"/>
    <property name="sun.java.launcher" value="SUN_STANDARD"/>
    <property name="user.country" value="US"/>
    <property name="sun.boot.library.path" value="/usr/java/jdk-13.0.2+8/lib/compressedrefs:/usr/java/jdk-13.0.2+8/lib"/>
    <property name="sun.java.command" value="/home/haidar/Desktop/Github projects/TDT4100---practices/Practice4/TicTacToeFinal/target/surefire/surefirebooter702007600566463932.jar /home/haidar/Desktop/Github projects/TDT4100---practices/Practice4/TicTacToeFinal/target/surefire 2020-03-15T17-55-36_649-jvmRun1 surefire16011673311585445966tmp surefire_01831071490820517021tmp"/>
    <property name="surefire.test.class.path" value="/home/haidar/Desktop/Github projects/TDT4100---practices/Practice4/TicTacToeFinal/target/test-classes:/home/haidar/Desktop/Github projects/TDT4100---practices/Practice4/TicTacToeFinal/target/classes:/home/haidar/.m2/repository/org/openjfx/javafx-controls/13/javafx-controls-13.jar:/home/haidar/.m2/repository/org/openjfx/javafx-controls/13/javafx-controls-13-linux.jar:/home/haidar/.m2/repository/org/openjfx/javafx-graphics/13/javafx-graphics-13.jar:/home/haidar/.m2/repository/org/openjfx/javafx-graphics/13/javafx-graphics-13-linux.jar:/home/haidar/.m2/repository/org/openjfx/javafx-base/13/javafx-base-13.jar:/home/haidar/.m2/repository/org/openjfx/javafx-base/13/javafx-base-13-linux.jar:/home/haidar/.m2/repository/org/openjfx/javafx-fxml/14-ea+8/javafx-fxml-14-ea+8.jar:/home/haidar/.m2/repository/org/openjfx/javafx-fxml/14-ea+8/javafx-fxml-14-ea+8-linux.jar:/home/haidar/.m2/repository/com/google/code/gson/gson/2.8.6/gson-2.8.6.jar:/home/haidar/.m2/repository/org/junit/jupiter/junit-jupiter/5.4.1/junit-jupiter-5.4.1.jar:/home/haidar/.m2/repository/org/junit/jupiter/junit-jupiter-api/5.4.1/junit-jupiter-api-5.4.1.jar:/home/haidar/.m2/repository/org/apiguardian/apiguardian-api/1.0.0/apiguardian-api-1.0.0.jar:/home/haidar/.m2/repository/org/opentest4j/opentest4j/1.1.1/opentest4j-1.1.1.jar:/home/haidar/.m2/repository/org/junit/platform/junit-platform-commons/1.4.1/junit-platform-commons-1.4.1.jar:/home/haidar/.m2/repository/org/junit/jupiter/junit-jupiter-params/5.4.1/junit-jupiter-params-5.4.1.jar:/home/haidar/.m2/repository/org/junit/jupiter/junit-jupiter-engine/5.4.1/junit-jupiter-engine-5.4.1.jar:/home/haidar/.m2/repository/org/junit/platform/junit-platform-engine/1.4.1/junit-platform-engine-1.4.1.jar:/home/haidar/.m2/repository/com/squareup/okhttp3/okhttp/4.2.2/okhttp-4.2.2.jar:/home/haidar/.m2/repository/com/squareup/okio/okio/2.2.2/okio-2.2.2.jar:/home/haidar/.m2/repository/org/jetbrains/kotlin/kotlin-stdlib/1.3.50/kotlin-stdlib-1.3.50.jar:/home/haidar/.m2/repository/org/jetbrains/kotlin/kotlin-stdlib-common/1.3.50/kotlin-stdlib-common-1.3.50.jar:/home/haidar/.m2/repository/org/jetbrains/annotations/13.0/annotations-13.0.jar:"/>
    <property name="sun.cpu.endian" value="little"/>
    <property name="user.home" value="/home/haidar"/>
    <property name="user.language" value="en"/>
    <property name="java.specification.vendor" value="Oracle Corporation"/>
    <property name="java.version.date" value="2020-01-14"/>
    <property name="java.home" value="/usr/java/jdk-13.0.2+8"/>
    <property name="ibm.signalhandling.rs" value="false"/>
    <property name="file.separator" value="/"/>
    <property name="jdk.extensions.name" value="Extensions for OpenJDK for Eclipse OpenJ9"/>
    <property name="basedir" value="/home/haidar/Desktop/Github projects/TDT4100---practices/Practice4/TicTacToeFinal"/>
    <property name="line.separator" value="&#10;"/>
    <property name="java.vm.specification.vendor" value="Oracle Corporation"/>
    <property name="java.specification.name" value="Java Platform API Specification"/>
    <property name="java.compiler" value="j9jit29"/>
    <property name="com.ibm.util.extralibs.properties" value=""/>
    <property name="sun.java.launcher.pid" value="12324"/>
    <property name="java.awt.graphicsenv" value="sun.awt.X11GraphicsEnvironment"/>
    <property name="com.ibm.oti.configuration" value="scar"/>
    <property name="java.awt.fonts" value=""/>
    <property name="surefire.real.class.path" value="/home/haidar/Desktop/Github projects/TDT4100---practices/Practice4/TicTacToeFinal/target/surefire/surefirebooter702007600566463932.jar"/>
    <property name="com.ibm.oti.shared.enabled" value="false"/>
    <property name="jdk.boot.class.path.append" value=""/>
    <property name="com.ibm.oti.vm.bootstrap.library.path" value="/usr/java/jdk-13.0.2+8/lib/compressedrefs:/usr/java/jdk-13.0.2+8/lib"/>
    <property name="com.ibm.cpu.endian" value="little"/>
    <property name="java.fullversion" value="13.0.2+8&#10;JRE 13 Linux amd64-64-Bit Compressed References 20200117_151 (JIT enabled, AOT enabled)&#10;OpenJ9   - 6968c18d7&#10;OMR      - 7a1b0239a&#10;JCL      - 9c5a41bd5f based on jdk-13.0.2+8"/>
    <property name="java.runtime.version" value="13.0.2+8"/>
    <property name="user.name" value="haidar"/>
    <property name="path.separator" value=":"/>
    <property name="os.version" value="5.3.0-40-generic"/>
    <property name="java.runtime.name" value="OpenJDK Runtime Environment"/>
    <property name="ibm.signalhandling.sigint" value="true"/>
    <property name="file.encoding" value="UTF-8"/>
    <property name="java.vm.name" value="Eclipse OpenJ9 VM"/>
    <property name="java.vendor.version" value="AdoptOpenJDK"/>
    <property name="ibm.signalhandling.sigchain" value="true"/>
    <property name="localRepository" value="/home/haidar/.m2/repository"/>
    <property name="java.vendor.url.bug" value="https://github.com/AdoptOpenJDK/openjdk-support/issues"/>
    <property name="java.io.tmpdir" value="/tmp"/>
    <property name="java.version" value="13.0.2"/>
    <property name="com.ibm.system.agent.path" value="/usr/java/jdk-13.0.2+8/lib"/>
    <property name="user.dir" value="/home/haidar/Desktop/Github projects/TDT4100---practices/Practice4/TicTacToeFinal"/>
    <property name="os.arch" value="amd64"/>
    <property name="java.vm.specification.name" value="Java Virtual Machine Specification"/>
    <property name="java.awt.printerjob" value="sun.print.PSPrinterJob"/>
    <property name="sun.nio.PageAlignDirectMemory" value="false"/>
    <property name="os.encoding" value="UTF-8"/>
    <property name="java.library.path" value="/usr/java/jdk-13.0.2+8/lib/compressedrefs:/usr/java/jdk-13.0.2+8/lib:/usr/lib64:/usr/lib"/>
    <property name="java.vendor" value="AdoptOpenJDK"/>
    <property name="java.vm.info" value="JRE 13 Linux amd64-64-Bit Compressed References 20200117_151 (JIT enabled, AOT enabled)&#10;OpenJ9   - 6968c18d7&#10;OMR      - 7a1b0239a&#10;JCL      - 9c5a41bd5f based on jdk-13.0.2+8"/>
    <property name="sun.nio.MaxDirectMemorySize" value="3657400320"/>
    <property name="java.vm.version" value="openj9-0.18.0"/>
    <property name="com.ibm.jcl.checkClassPath" value=""/>
    <property name="ibm.system.encoding" value="UTF-8"/>
    <property name="sun.io.unicode.encoding" value="UnicodeLittle"/>
    <property name="java.class.version" value="57.0"/>
  </properties>
  <testcase name="saveGameAndLoadGame" classname="sample.GameTest" time="0.002"/>
</testsuite>